<?xml version="1.0" encoding="UTF-8"?>
<testsuite xmlns:xsi="http://www.w3.org/2001/XMLSchema-instance" xsi:noNamespaceSchemaLocation="https://maven.apache.org/surefire/maven-surefire-plugin/xsd/surefire-test-report-3.0.xsd" version="3.0" name="TestExamples.FirstTest" time="3.467" tests="1" errors="0" skipped="0" failures="0">
  <properties>
    <property name="java.specification.version" value="17"/>
    <property name="sun.jnu.encoding" value="UTF-8"/>
    <property name="java.class.path" value="/home/raramuri/eclipse-workspace/RestAssuredProject/target/test-classes:/home/raramuri/eclipse-workspace/RestAssuredProject/target/classes:/home/raramuri/.m2/repository/io/rest-assured/rest-assured/5.4.0/rest-assured-5.4.0.jar:/home/raramuri/.m2/repository/org/apache/groovy/groovy/4.0.16/groovy-4.0.16.jar:/home/raramuri/.m2/repository/org/apache/groovy/groovy-xml/4.0.16/groovy-xml-4.0.16.jar:/home/raramuri/.m2/repository/org/apache/httpcomponents/httpclient/4.5.13/httpclient-4.5.13.jar:/home/raramuri/.m2/repository/org/apache/httpcomponents/httpcore/4.4.13/httpcore-4.4.13.jar:/home/raramuri/.m2/repository/commons-logging/commons-logging/1.2/commons-logging-1.2.jar:/home/raramuri/.m2/repository/commons-codec/commons-codec/1.11/commons-codec-1.11.jar:/home/raramuri/.m2/repository/org/apache/httpcomponents/httpmime/4.5.13/httpmime-4.5.13.jar:/home/raramuri/.m2/repository/org/hamcrest/hamcrest/2.2/hamcrest-2.2.jar:/home/raramuri/.m2/repository/org/ccil/cowan/tagsoup/tagsoup/1.2.1/tagsoup-1.2.1.jar:/home/raramuri/.m2/repository/io/rest-assured/json-path/5.4.0/json-path-5.4.0.jar:/home/raramuri/.m2/repository/org/apache/groovy/groovy-json/4.0.16/groovy-json-4.0.16.jar:/home/raramuri/.m2/repository/io/rest-assured/rest-assured-common/5.4.0/rest-assured-common-5.4.0.jar:/home/raramuri/.m2/repository/io/rest-assured/xml-path/5.4.0/xml-path-5.4.0.jar:/home/raramuri/.m2/repository/org/apache/commons/commons-lang3/3.11/commons-lang3-3.11.jar:/home/raramuri/.m2/repository/org/testng/testng/7.6.1/testng-7.6.1.jar:/home/raramuri/.m2/repository/com/google/code/findbugs/jsr305/3.0.2/jsr305-3.0.2.jar:/home/raramuri/.m2/repository/org/slf4j/slf4j-api/1.7.36/slf4j-api-1.7.36.jar:/home/raramuri/.m2/repository/com/beust/jcommander/1.82/jcommander-1.82.jar:/home/raramuri/.m2/repository/org/webjars/jquery/3.6.0/jquery-3.6.0.jar:/home/raramuri/.m2/repository/org/apache/logging/log4j/log4j-slf4j-impl/2.22.1/log4j-slf4j-impl-2.22.1.jar:/home/raramuri/.m2/repository/org/apache/logging/log4j/log4j-api/2.22.1/log4j-api-2.22.1.jar:/home/raramuri/.m2/repository/org/apache/logging/log4j/log4j-core/2.22.1/log4j-core-2.22.1.jar:"/>
    <property name="java.vm.vendor" value="Oracle Corporation"/>
    <property name="sun.arch.data.model" value="64"/>
    <property name="java.vendor.url" value="https://java.oracle.com/"/>
    <property name="user.timezone" value="Asia/Kolkata"/>
    <property name="os.name" value="Linux"/>
    <property name="java.vm.specification.version" value="17"/>
    <property name="sun.java.launcher" value="SUN_STANDARD"/>
    <property name="user.country" value="IN"/>
    <property name="sun.boot.library.path" value="/usr/lib/jvm/jdk-17-oracle-x64/lib"/>
    <property name="sun.java.command" value="/home/raramuri/eclipse-workspace/RestAssuredProject/target/surefire/surefirebooter-20240102152944164_3.jar /home/raramuri/eclipse-workspace/RestAssuredProject/target/surefire 2024-01-02T15-29-43_425-jvmRun1 surefire-20240102152944164_1tmp surefire_0-20240102152944164_2tmp"/>
    <property name="jdk.debug" value="release"/>
    <property name="surefire.test.class.path" value="/home/raramuri/eclipse-workspace/RestAssuredProject/target/test-classes:/home/raramuri/eclipse-workspace/RestAssuredProject/target/classes:/home/raramuri/.m2/repository/io/rest-assured/rest-assured/5.4.0/rest-assured-5.4.0.jar:/home/raramuri/.m2/repository/org/apache/groovy/groovy/4.0.16/groovy-4.0.16.jar:/home/raramuri/.m2/repository/org/apache/groovy/groovy-xml/4.0.16/groovy-xml-4.0.16.jar:/home/raramuri/.m2/repository/org/apache/httpcomponents/httpclient/4.5.13/httpclient-4.5.13.jar:/home/raramuri/.m2/repository/org/apache/httpcomponents/httpcore/4.4.13/httpcore-4.4.13.jar:/home/raramuri/.m2/repository/commons-logging/commons-logging/1.2/commons-logging-1.2.jar:/home/raramuri/.m2/repository/commons-codec/commons-codec/1.11/commons-codec-1.11.jar:/home/raramuri/.m2/repository/org/apache/httpcomponents/httpmime/4.5.13/httpmime-4.5.13.jar:/home/raramuri/.m2/repository/org/hamcrest/hamcrest/2.2/hamcrest-2.2.jar:/home/raramuri/.m2/repository/org/ccil/cowan/tagsoup/tagsoup/1.2.1/tagsoup-1.2.1.jar:/home/raramuri/.m2/repository/io/rest-assured/json-path/5.4.0/json-path-5.4.0.jar:/home/raramuri/.m2/repository/org/apache/groovy/groovy-json/4.0.16/groovy-json-4.0.16.jar:/home/raramuri/.m2/repository/io/rest-assured/rest-assured-common/5.4.0/rest-assured-common-5.4.0.jar:/home/raramuri/.m2/repository/io/rest-assured/xml-path/5.4.0/xml-path-5.4.0.jar:/home/raramuri/.m2/repository/org/apache/commons/commons-lang3/3.11/commons-lang3-3.11.jar:/home/raramuri/.m2/repository/org/testng/testng/7.6.1/testng-7.6.1.jar:/home/raramuri/.m2/repository/com/google/code/findbugs/jsr305/3.0.2/jsr305-3.0.2.jar:/home/raramuri/.m2/repository/org/slf4j/slf4j-api/1.7.36/slf4j-api-1.7.36.jar:/home/raramuri/.m2/repository/com/beust/jcommander/1.82/jcommander-1.82.jar:/home/raramuri/.m2/repository/org/webjars/jquery/3.6.0/jquery-3.6.0.jar:/home/raramuri/.m2/repository/org/apache/logging/log4j/log4j-slf4j-impl/2.22.1/log4j-slf4j-impl-2.22.1.jar:/home/raramuri/.m2/repository/org/apache/logging/log4j/log4j-api/2.22.1/log4j-api-2.22.1.jar:/home/raramuri/.m2/repository/org/apache/logging/log4j/log4j-core/2.22.1/log4j-core-2.22.1.jar:"/>
    <property name="sun.cpu.endian" value="little"/>
    <property name="user.home" value="/home/raramuri"/>
    <property name="user.language" value="en"/>
    <property name="java.specification.vendor" value="Oracle Corporation"/>
    <property name="java.version.date" value="2023-10-17"/>
    <property name="java.home" value="/usr/lib/jvm/jdk-17-oracle-x64"/>
    <property name="file.separator" value="/"/>
    <property name="style.color" value="always"/>
    <property name="basedir" value="/home/raramuri/eclipse-workspace/RestAssuredProject"/>
    <property name="java.vm.compressedOopsMode" value="Zero based"/>
    <property name="line.separator" value="&#10;"/>
    <property name="java.vm.specification.vendor" value="Oracle Corporation"/>
    <property name="java.specification.name" value="Java Platform API Specification"/>
    <property name="surefire.real.class.path" value="/home/raramuri/eclipse-workspace/RestAssuredProject/target/surefire/surefirebooter-20240102152944164_3.jar"/>
    <property name="sun.management.compiler" value="HotSpot 64-Bit Tiered Compilers"/>
    <property name="java.runtime.version" value="17.0.9+11-LTS-201"/>
    <property name="user.name" value="raramuri"/>
    <property name="path.separator" value=":"/>
    <property name="os.version" value="5.19.0-32-generic"/>
    <property name="java.runtime.name" value="Java(TM) SE Runtime Environment"/>
    <property name="file.encoding" value="UTF-8"/>
    <property name="java.vm.name" value="Java HotSpot(TM) 64-Bit Server VM"/>
    <property name="localRepository" value="/home/raramuri/.m2/repository"/>
    <property name="java.vendor.url.bug" value="https://bugreport.java.com/bugreport/"/>
    <property name="java.io.tmpdir" value="/tmp"/>
    <property name="java.version" value="17.0.9"/>
    <property name="user.dir" value="/home/raramuri/eclipse-workspace/RestAssuredProject"/>
    <property name="os.arch" value="amd64"/>
    <property name="java.vm.specification.name" value="Java Virtual Machine Specification"/>
    <property name="native.encoding" value="UTF-8"/>
    <property name="java.library.path" value="/usr/java/packages/lib:/usr/lib64:/lib64:/lib:/usr/lib"/>
    <property name="java.vm.info" value="mixed mode, sharing"/>
    <property name="java.vendor" value="Oracle Corporation"/>
    <property name="java.vm.version" value="17.0.9+11-LTS-201"/>
    <property name="sun.io.unicode.encoding" value="UnicodeLittle"/>
    <property name="java.class.version" value="61.0"/>
  </properties>
  <testcase name="test1" classname="TestExamples.FirstTest" time="2.63">
    <system-out><![CDATA[200
1783
io.restassured.internal.RestAssuredResponseImpl@30c1da48
]]></system-out>
  </testcase>
</testsuite>