<?xml version="1.0" encoding="UTF-8"?>
<!-- Generated by org.testng.reporters.JUnitReportReporter -->
<testsuite hostname="Raramuri" failures="0" tests="1" name="TestExamples.JsonValidator" time="1.768" errors="0" timestamp="2024-01-03T17:04:10 IST" skipped="0">
  <testcase classname="TestExamples.JsonValidator" name="test2" time="1.768"/>
  <system-out/>
</testsuite> <!-- TestExamples.JsonValidator -->
