<?xml version="1.0" encoding="UTF-8"?>
<!-- Generated by org.testng.reporters.JUnitReportReporter -->
<testsuite hostname="Raramuri" failures="0" tests="3" name="TestExamples.PutPatchandDelete" time="3.103" errors="0" timestamp="2024-01-03T12:16:05 IST" skipped="0">
  <testcase classname="TestExamples.PutPatchandDelete" name="testPut" time="0.613"/>
  <system-out/>
  <testcase classname="TestExamples.PutPatchandDelete" name="testPatch" time="0.569"/>
  <system-out/>
  <testcase classname="TestExamples.PutPatchandDelete" name="testDelete" time="1.921"/>
  <system-out/>
</testsuite> <!-- TestExamples.PutPatchandDelete -->
