<?xml version="1.0" encoding="UTF-8"?>
<!-- Generated by org.testng.reporters.JUnitReportReporter -->
<testsuite hostname="Raramuri" failures="0" tests="1" name="TestExamples.FirstTest" time="2.259" errors="0" timestamp="2024-01-03T11:28:03 IST" skipped="0">
  <testcase classname="TestExamples.FirstTest" name="test2" time="2.259"/>
  <system-out/>
</testsuite> <!-- TestExamples.FirstTest -->
