<?xml version="1.0" encoding="UTF-8"?>
<!-- Generated by org.testng.reporters.JUnitReportReporter -->
<testsuite hostname="Raramuri" failures="0" tests="1" name="TestExamples.GetandPostEx" time="1.810" errors="0" timestamp="2024-01-03T11:47:16 IST" skipped="0">
  <testcase classname="TestExamples.GetandPostEx" name="testPost" time="1.810"/>
  <system-out/>
</testsuite> <!-- TestExamples.GetandPostEx -->
