<?xml version="1.0" encoding="UTF-8"?>
<!-- Generated by org.testng.reporters.JUnitReportReporter -->
<testsuite hostname="Raramuri" failures="0" tests="1" name="TestExamples.FirstTest" time="2.624" errors="0" timestamp="2024-01-02T15:29:47 IST" skipped="0">
  <testcase classname="TestExamples.FirstTest" name="test1" time="2.624"/>
  <system-out/>
</testsuite> <!-- TestExamples.FirstTest -->
